# JRE version: OpenJDK Runtime Environment (17.0.9) (build 17.0.9+0--11185874)
# Java VM: OpenJDK 64-Bit Server VM (17.0.9+0--11185874, mixed mode, tiered, compressed oops, compressed class ptrs, g1 gc, windows-amd64)
GC Precious Log:
 CPUs: 4 total, 4 available
 Memory: 3948M
 Large Page Support: Disabled
 NUMA Support: Disabled
 Compressed Oops: Enabled (32-bit)
 Heap Region Size: 1M
 Heap Min Capacity: 8M
 Heap Initial Capacity: 62M
 Heap Max Capacity: 988M
 Pre-touch: Disabled
 Parallel Workers: 4
 Concurrent Workers: 1
 Concurrent Refinement Workers: 4
 Periodic GC: Disabled
Heap:
 garbage-first heap   total 98304K, used 54925K [0x00000000c2400000, 0x0000000100000000)
  region size 1024K, 3 young (3072K), 3 survivors (3072K)
 Metaspace       used 67545K, committed 67840K, reserved 1114112K
  class space    used 7762K, committed 7936K, reserved 1048576K
GC Heap History (20 events):
Event: 6.323 GC heap after
{Heap after GC invocations=14 (full 0):
 garbage-first heap   total 50176K, used 26536K [0x00000000c2400000, 0x0000000100000000)
  region size 1024K, 1 young (1024K), 1 survivors (1024K)
 Metaspace       used 46580K, committed 46848K, reserved 1114112K
  class space    used 5662K, committed 5760K, reserved 1048576K
}
Event: 6.593 GC heap before
{Heap before GC invocations=15 (full 0):
 garbage-first heap   total 55296K, used 38824K [0x00000000c2400000, 0x0000000100000000)
  region size 1024K, 14 young (14336K), 1 survivors (1024K)
 Metaspace       used 47408K, committed 47680K, reserved 1114112K
  class space    used 5771K, committed 5888K, reserved 1048576K
}
Event: 6.598 GC heap after
{Heap after GC invocations=16 (full 0):
 garbage-first heap   total 55296K, used 26345K [0x00000000c2400000, 0x0000000100000000)
  region size 1024K, 2 young (2048K), 2 survivors (2048K)
 Metaspace       used 47408K, committed 47680K, reserved 1114112K
  class space    used 5771K, committed 5888K, reserved 1048576K
}
Event: 7.270 GC heap before
{Heap before GC invocations=16 (full 0):
 garbage-first heap   total 55296K, used 42729K [0x00000000c2400000, 0x0000000100000000)
  region size 1024K, 18 young (18432K), 2 survivors (2048K)
 Metaspace       used 49199K, committed 49472K, reserved 1114112K
  class space    used 5967K, committed 6080K, reserved 1048576K
}
Event: 7.287 GC heap after
{Heap after GC invocations=17 (full 0):
 garbage-first heap   total 98304K, used 29554K [0x00000000c2400000, 0x0000000100000000)
  region size 1024K, 3 young (3072K), 3 survivors (3072K)
 Metaspace       used 49199K, committed 49472K, reserved 1114112K
  class space    used 5967K, committed 6080K, reserved 1048576K
}
Event: 8.817 GC heap before
{Heap before GC invocations=18 (full 0):
 garbage-first heap   total 98304K, used 69490K [0x00000000c2400000, 0x0000000100000000)
  region size 1024K, 42 young (43008K), 3 survivors (3072K)
 Metaspace       used 52430K, committed 52672K, reserved 1114112K
  class space    used 6240K, committed 6336K, reserved 1048576K
}
Event: 8.849 GC heap after
{Heap after GC invocations=19 (full 0):
 garbage-first heap   total 98304K, used 35293K [0x00000000c2400000, 0x0000000100000000)
  region size 1024K, 6 young (6144K), 6 survivors (6144K)
 Metaspace       used 52430K, committed 52672K, reserved 1114112K
  class space    used 6240K, committed 6336K, reserved 1048576K
}
Event: 9.733 GC heap before
{Heap before GC invocations=19 (full 0):
 garbage-first heap   total 98304K, used 71133K [0x00000000c2400000, 0x0000000100000000)
  region size 1024K, 41 young (41984K), 6 survivors (6144K)
 Metaspace       used 53198K, committed 53440K, reserved 1114112K
  class space    used 6288K, committed 6400K, reserved 1048576K
}
Event: 9.773 GC heap after
{Heap after GC invocations=20 (full 0):
 garbage-first heap   total 98304K, used 41586K [0x00000000c2400000, 0x0000000100000000)
  region size 1024K, 6 young (6144K), 6 survivors (6144K)
 Metaspace       used 53198K, committed 53440K, reserved 1114112K
  class space    used 6288K, committed 6400K, reserved 1048576K
}
Event: 11.338 GC heap before
{Heap before GC invocations=20 (full 0):
 garbage-first heap   total 98304K, used 73330K [0x00000000c2400000, 0x0000000100000000)
  region size 1024K, 37 young (37888K), 6 survivors (6144K)
 Metaspace       used 56301K, committed 56576K, reserved 1114112K
  class space    used 6664K, committed 6784K, reserved 1048576K
}
Event: 11.370 GC heap after
{Heap after GC invocations=21 (full 0):
 garbage-first heap   total 98304K, used 45508K [0x00000000c2400000, 0x0000000100000000)
  region size 1024K, 4 young (4096K), 4 survivors (4096K)
 Metaspace       used 56301K, committed 56576K, reserved 1114112K
  class space    used 6664K, committed 6784K, reserved 1048576K
}
Event: 14.011 GC heap before
{Heap before GC invocations=21 (full 0):
 garbage-first heap   total 98304K, used 75204K [0x00000000c2400000, 0x0000000100000000)
  region size 1024K, 33 young (33792K), 4 survivors (4096K)
 Metaspace       used 60107K, committed 60352K, reserved 1114112K
  class space    used 7030K, committed 7104K, reserved 1048576K
}
Event: 14.037 GC heap after
{Heap after GC invocations=22 (full 0):
 garbage-first heap   total 98304K, used 49516K [0x00000000c2400000, 0x0000000100000000)
  region size 1024K, 4 young (4096K), 4 survivors (4096K)
 Metaspace       used 60107K, committed 60352K, reserved 1114112K
  class space    used 7030K, committed 7104K, reserved 1048576K
}
Event: 15.081 GC heap before
{Heap before GC invocations=22 (full 0):
 garbage-first heap   total 98304K, used 53612K [0x00000000c2400000, 0x0000000100000000)
  region size 1024K, 9 young (9216K), 4 survivors (4096K)
 Metaspace       used 60341K, committed 60608K, reserved 1114112K
  class space    used 7045K, committed 7168K, reserved 1048576K
}
Event: 15.096 GC heap after
{Heap after GC invocations=23 (full 0):
 garbage-first heap   total 98304K, used 50219K [0x00000000c2400000, 0x0000000100000000)
  region size 1024K, 1 young (1024K), 1 survivors (1024K)
 Metaspace       used 60341K, committed 60608K, reserved 1114112K
  class space    used 7045K, committed 7168K, reserved 1048576K
}
Event: 16.950 GC heap before
{Heap before GC invocations=24 (full 0):
 garbage-first heap   total 98304K, used 77867K [0x00000000c2400000, 0x0000000100000000)
  region size 1024K, 27 young (27648K), 1 survivors (1024K)
 Metaspace       used 64129K, committed 64448K, reserved 1114112K
  class space    used 7435K, committed 7616K, reserved 1048576K
}
Event: 16.967 GC heap after
{Heap after GC invocations=25 (full 0):
 garbage-first heap   total 98304K, used 52844K [0x00000000c2400000, 0x0000000100000000)
  region size 1024K, 4 young (4096K), 4 survivors (4096K)
 Metaspace       used 64129K, committed 64448K, reserved 1114112K
  class space    used 7435K, committed 7616K, reserved 1048576K
}
Event: 17.009 GC heap before
{Heap before GC invocations=25 (full 0):
 garbage-first heap   total 98304K, used 53868K [0x00000000c2400000, 0x0000000100000000)
  region size 1024K, 5 young (5120K), 4 survivors (4096K)
 Metaspace       used 64266K, committed 64576K, reserved 1114112K
  class space    used 7452K, committed 7616K, reserved 1048576K
}
Event: 17.027 GC heap after
{Heap after GC invocations=26 (full 0):
 garbage-first heap   total 98304K, used 52818K [0x00000000c2400000, 0x0000000100000000)
  region size 1024K, 1 young (1024K), 1 survivors (1024K)
 Metaspace       used 64266K, committed 64576K, reserved 1114112K
  class space    used 7452K, committed 7616K, reserved 1048576K
}
Event: 18.400 GC heap before
{Heap before GC invocations=26 (full 0):
 garbage-first heap   total 98304K, used 76370K [0x00000000c2400000, 0x0000000100000000)
  region size 1024K, 25 young (25600K), 1 survivors (1024K)
 Metaspace       used 67545K, committed 67840K, reserved 1114112K
  class space    used 7762K, committed 7936K, reserved 1048576K
}

